<?xml version="1.0" encoding="UTF-8"?>
<!-- Generated by org.testng.reporters.JUnitReportReporter -->
<testsuite skipped="0" hostname="BDC4-L-8Y4DZM2" name="tests.NewTest" tests="3" failures="0" timestamp="2020-02-27T12:56:55 IST" time="0.010" errors="0">
  <testcase name="testDDT" time="0.003" classname="tests.NewTest"/>
  <system-out/>
  <testcase name="testDDT" time="0.004" classname="tests.NewTest"/>
  <system-out/>
  <testcase name="testDDT" time="0.003" classname="tests.NewTest"/>
  <system-out/>
</testsuite> <!-- tests.NewTest -->
